================================================================================
Rule No. 12 : 4A.1I:Minimum DIFFUSION/isolation area 0.1024 sq.um

Real Error Count : 5; Flat Error Count : 5
================================================================================

--------------------------------------------------------------------------------
Cell Name : two_stage_miller layout dac3b

                   Cell Errors    Real Errors   Cell Placements     Environments
                             5              5                 1                1
--------------------------------------------------------------------------------
Env.  Env. Placements            X1           Y1          X2           Y2

  1        1                 -8.040       -1.740      -3.860        6.640

Shape               Environments Status & Error Marker 

          1           X1         Y1         X2         Y2

   1      X       -8.040      6.360     -7.760      6.640
   2      X       -7.940     -0.640     -7.660     -0.360
   3      X       -7.940      2.560     -7.660      2.840
   4      X       -6.340      2.060     -6.060      2.340
   5      X       -4.140     -1.740     -3.860     -1.460

================================================================================
Rule No. 92 : 4A.19AaBaC: Minimum poly1 width is 0.12um.

Real Error Count : 13; Flat Error Count : 13
================================================================================

--------------------------------------------------------------------------------
Cell Name : two_stage_miller layout dac3b

                   Cell Errors    Real Errors   Cell Placements     Environments
                            13             13                 1                1
--------------------------------------------------------------------------------
Env.  Env. Placements            X1           Y1          X2           Y2

  1        1                 -3.600       -2.206      10.746        4.200

Shape               Environments Status & Error Marker 

          1           X1         Y1         X2         Y2

   1      X       -3.600     -2.206     -3.500     -1.700
   2      X       -2.986      4.100     -2.454      4.200
   3      X       -2.106      4.100     -1.574      4.200
   4      X        1.614      4.100      2.146      4.200
   5      X        2.494      4.100      3.026      4.200
   6      X        3.374      4.100      3.500      4.200
   7      X        6.374      1.500      6.906      1.600
   8      X        7.014      1.500      7.546      1.600
   9      X        7.654      1.500      8.186      1.600
  10      X        8.294      1.500      8.826      1.600
  11      X        8.934      1.500      9.466      1.600
  12      X        9.574      1.500     10.106      1.600
  13      X       10.214      1.500     10.746      1.600

================================================================================
Rule No. 100 : 4A.19E: Minimum overlap of a poly1 region extended into field oxide is 0.18um

Real Error Count : 3; Flat Error Count : 3
================================================================================

--------------------------------------------------------------------------------
Cell Name : two_stage_miller layout dac3b

                   Cell Errors    Real Errors   Cell Placements     Environments
                             3              3                 1                1
--------------------------------------------------------------------------------
Env.  Env. Placements            X1           Y1          X2           Y2

  1        1                 -8.000       -1.910      -3.800        2.800

Shape               Environments Status & Error Marker 

          1           X1         Y1         X2         Y2

   1      X       -8.000      2.600     -7.940      2.800
   2      X       -7.900     -0.360     -7.490     -0.300
   3      X       -3.860     -1.910     -3.800     -1.530

================================================================================
Rule No. 101 : 4A.19F: Minimum separation from an DIFF region to poly1 on field oxide is 0.10um

Real Error Count : 18; Flat Error Count : 18
================================================================================

--------------------------------------------------------------------------------
Cell Name : two_stage_miller layout dac3b

                   Cell Errors    Real Errors   Cell Placements     Environments
                            18             18                 1                1
--------------------------------------------------------------------------------
Env.  Env. Placements            X1           Y1          X2           Y2

  1        1                 -7.900       -6.600      10.740        6.400

Shape               Environments Status & Error Marker 

          1           X1         Y1         X2         Y2

   1      X       -7.900     -0.600     -1.660      1.800
   2      X       -6.640      0.100     -5.560      2.300
   3      X       -6.138      6.380     -5.602      6.400
   4      X       -4.260      2.320     -4.080      2.400
   5      X       -4.100     -6.600      2.480     -1.040
   6      X       -2.980      4.200     -2.460      4.280
   7      X       -2.100      4.200     -1.580      4.280
   8      X        1.620      4.200      2.140      4.280
   9      X        2.480     -6.600      3.760     -3.700
  10      X        2.500      4.200      3.020      4.280
  11      X        3.380      4.200      3.560      4.280
  12      X        6.380      1.600      6.900      1.680
  13      X        7.020      1.600      7.540      1.680
  14      X        7.660      1.600      8.180      1.680
  15      X        8.300      1.600      8.820      1.680
  16      X        8.940      1.600      9.460      1.680
  17      X        9.580      1.600     10.100      1.680
  18      X       10.220      1.600     10.740      1.680

================================================================================
Rule No. 103 : 4A.19H.a__4A.19O: Minimum poly1 gate to field edge spacing is 0.20um

Real Error Count : 6; Flat Error Count : 6
================================================================================

--------------------------------------------------------------------------------
Cell Name : two_stage_miller layout dac3b

                   Cell Errors    Real Errors   Cell Placements     Environments
                             6              6                 1                1
--------------------------------------------------------------------------------
Env.  Env. Placements            X1           Y1          X2           Y2

  1        1                 -8.040       -1.740      -3.860        6.640

Shape               Environments Status & Error Marker 

          1           X1         Y1         X2         Y2

   1      X       -8.040      6.360     -7.760      6.640
   2      X       -7.940     -0.640     -7.660     -0.360
   3      X       -7.940      2.560     -7.660      2.600
   4      X       -7.940      2.800     -7.660      2.840
   5      X       -6.340      2.060     -6.060      2.340
   6      X       -4.140     -1.740     -3.860     -1.460

================================================================================
Rule No. 104 : 4A.19H.b: Minimum poly1 gate (width > 0.24) to field edge spacing is 0.24 um

Real Error Count : 2; Flat Error Count : 2
================================================================================

--------------------------------------------------------------------------------
Cell Name : two_stage_miller layout dac3b

                   Cell Errors    Real Errors   Cell Placements     Environments
                             2              2                 1                1
--------------------------------------------------------------------------------
Env.  Env. Placements            X1           Y1          X2           Y2

  1        1                 -7.940       -1.740      -3.860       -0.360

Shape               Environments Status & Error Marker 

          1           X1         Y1         X2         Y2

   1      X       -7.940     -0.640     -7.660     -0.360
   2      X       -4.140     -1.740     -3.860     -1.460

================================================================================
Rule No. 107 : 4A.19J: 90 degree bent gate is not allowed.

Real Error Count : 8; Flat Error Count : 8
================================================================================

--------------------------------------------------------------------------------
Cell Name : two_stage_miller layout dac3b

                   Cell Errors    Real Errors   Cell Placements     Environments
                             8              8                 1                1
--------------------------------------------------------------------------------
Env.  Env. Placements            X1           Y1          X2           Y2

  1        1                 -8.000       -1.510       6.200        6.600

Shape               Environments Status & Error Marker 

          1           X1         Y1         X2         Y2

   1      X       -8.000      6.400     -7.990      6.410
   2      X       -8.000      6.590     -7.990      6.600
   3      X       -7.900     -0.600     -7.890     -0.590
   4      X       -6.300      2.290     -6.290      2.300
   5      X       -6.110      2.290     -6.100      2.300
   6      X       -4.100     -1.510     -4.090     -1.500
   7      X        6.160      6.360      6.170      6.370
   8      X        6.190      6.350      6.200      6.360

================================================================================
Rule No. 126 : 4A.22A: Minimum width of a PPLUS region is 0.24um

Real Error Count : 1; Flat Error Count : 1
================================================================================

--------------------------------------------------------------------------------
Cell Name : two_stage_miller layout dac3b

                   Cell Errors    Real Errors   Cell Placements     Environments
                             1              1                 1                1
--------------------------------------------------------------------------------
Env.  Env. Placements            X1           Y1          X2           Y2

  1        1                 -6.000        1.682      -5.900        2.118

Shape               Environments Status & Error Marker 

          1           X1         Y1         X2         Y2

   1      X       -6.000      1.682     -5.900      2.118

================================================================================
Rule No. 127 : 4A.22B: Minimum space between two PPLUS regions is 0.24um

Real Error Count : 3; Flat Error Count : 3
================================================================================

--------------------------------------------------------------------------------
Cell Name : two_stage_miller layout dac3b

                   Cell Errors    Real Errors   Cell Placements     Environments
                             3              3                 1                1
--------------------------------------------------------------------------------
Env.  Env. Placements            X1           Y1          X2           Y2

  1        1                 -6.200       -2.433      -2.561        0.800

Shape               Environments Status & Error Marker 

          1           X1         Y1         X2         Y2

   1      X       -6.200      0.100     -6.100      0.800
   2      X       -3.018     -2.433     -2.782     -2.267
   3      X       -2.869     -1.700     -2.561     -1.470

================================================================================
Rule No. 128 : 4A.22C.a: Minimum PPLUS overlap P+ DIFF(inside N-Well) is 0.16um

Real Error Count : 2; Flat Error Count : 2
================================================================================

--------------------------------------------------------------------------------
Cell Name : two_stage_miller layout dac3b

                   Cell Errors    Real Errors   Cell Placements     Environments
                             2              2                 1                1
--------------------------------------------------------------------------------
Env.  Env. Placements            X1           Y1          X2           Y2

  1        1                 -6.200        4.212      -0.660        6.503

Shape               Environments Status & Error Marker 

          1           X1         Y1         X2         Y2

   1      X       -6.200      4.212     -6.140      4.788
   2      X       -0.790      6.097     -0.660      6.503

================================================================================
Rule No. 129 : 4A.22C.b: Minimum PPLUS overlap P+ DIFF(inside P-Well) is 0.06um

Real Error Count : 5; Flat Error Count : 5
================================================================================

--------------------------------------------------------------------------------
Cell Name : two_stage_miller layout dac3b

                   Cell Errors    Real Errors   Cell Placements     Environments
                             5              5                 1                1
--------------------------------------------------------------------------------
Env.  Env. Placements            X1           Y1          X2           Y2

  1        1                 -4.513       -4.440       4.145        2.370

Shape               Environments Status & Error Marker 

          1           X1         Y1         X2         Y2

   1      X       -4.513      2.320     -4.130      2.370
   2      X       -2.613      1.620     -2.230      1.670
   3      X        1.215     -4.440      1.700     -4.400
   4      X        2.400     -4.440      3.000     -4.400
   5      X        3.700     -4.440      4.145     -4.400

================================================================================
Rule No. 130 : 4A.22D.a: Minimum PPLUS to N+ DIFF spacing(inside P-Well) is 0.16um

Real Error Count : 1; Flat Error Count : 1
================================================================================

--------------------------------------------------------------------------------
Cell Name : two_stage_miller layout dac3b

                   Cell Errors    Real Errors   Cell Placements     Environments
                             1              1                 1                1
--------------------------------------------------------------------------------
Env.  Env. Placements            X1           Y1          X2           Y2

  1        1                 -6.606        1.780      -6.000        1.900

Shape               Environments Status & Error Marker 

          1           X1         Y1         X2         Y2

   1      X       -6.606      1.780     -6.000      1.900

================================================================================
Rule No. 132 : 4A.22E: Minimum P+ diffusion to N+ diffusion is 0um

Real Error Count : 34; Flat Error Count : 34
================================================================================

--------------------------------------------------------------------------------
Cell Name : two_stage_miller layout dac3b

                   Cell Errors    Real Errors   Cell Placements     Environments
                            34             34                 1                1
--------------------------------------------------------------------------------
Env.  Env. Placements            X1           Y1          X2           Y2

  1        1                 -6.640       -6.420      11.260        6.500

Shape               Environments Status & Error Marker 

          1           X1         Y1         X2         Y2

   1      X       -6.640      0.280     -6.200      0.800
   2      X       -6.140      4.360     -5.700      4.800
   3      X       -6.100      0.260     -5.600      0.700
   4      X       -6.000      1.300     -5.560      1.780
   5      X       -5.670      5.830     -5.240      6.370
   6      X       -4.510      1.830     -4.130      2.320
   7      X       -3.970      1.100     -3.560      1.570
   8      X       -3.740      4.280     -3.330      4.770
   9      X       -3.440     -2.840     -3.000     -2.400
  10      X       -3.170     -1.470     -2.630     -1.040
  11      X       -2.970      6.030     -2.430      6.500
  12      X       -2.800     -2.300     -2.360     -1.700
  13      X       -2.610      1.130     -2.230      1.620
  14      X       -2.100      0.400     -1.660      0.900
  15      X       -2.070      4.280     -1.530      4.770
  16      X       -1.170      6.030     -0.790      6.500
  17      X        0.860      4.280      1.270      4.770
  18      X        1.260     -5.000      1.700     -4.440
  19      X        1.630      6.030      2.170      6.500
  20      X        1.700     -6.420      2.300     -5.900
  21      X        2.400     -5.000      3.000     -4.440
  22      X        2.530      4.280      3.070      4.770
  23      X        3.000     -6.420      3.600     -5.900
  24      X        3.330      6.030      3.780      6.500
  25      X        3.700     -5.000      4.140     -4.440
  26      X        5.860      1.680      6.270      2.170
  27      X        6.330      5.930      6.870      6.460
  28      X        7.030      1.680      7.570      2.170
  29      X        7.630      5.930      8.170      6.460
  30      X        8.330      1.680      8.870      2.170
  31      X        8.930      5.930      9.470      6.460
  32      X        9.630      1.680     10.170      2.070
  33      X       10.230      5.930     10.770      6.460
  34      X       10.830      1.680     11.260      2.170

================================================================================
Rule No. 137 : 4A.22J(4A.21K): Minimum PPLUS overlap CONT region is 0.10um, no butted contact.

Real Error Count : 8; Flat Error Count : 8
================================================================================

--------------------------------------------------------------------------------
Cell Name : two_stage_miller layout dac3b

                   Cell Errors    Real Errors   Cell Placements     Environments
                             8              8                 1                1
--------------------------------------------------------------------------------
Env.  Env. Placements            X1           Y1          X2           Y2

  1        1                 -6.640       -5.000       4.100        0.800

Shape               Environments Status & Error Marker 

          1           X1         Y1         X2         Y2

   1      X       -6.640      0.770     -6.580      0.800
   2      X       -6.420      0.770     -6.320      0.800
   3      X        1.260     -5.000      1.320     -4.990
   4      X        1.480     -5.000      1.580     -4.990
   5      X        2.500     -5.000      2.600     -4.990
   6      X        2.760     -5.000      2.860     -4.990
   7      X        3.780     -5.000      3.880     -4.990
   8      X        4.040     -5.000      4.100     -4.990

================================================================================
Rule No. 138 : 4A.22K(4A.21J): Minimum PPLUS to N+ CONT spacing is 0.10um

Real Error Count : 12; Flat Error Count : 12
================================================================================

--------------------------------------------------------------------------------
Cell Name : two_stage_miller layout dac3b

                   Cell Errors    Real Errors   Cell Placements     Environments
                            12             12                 1                1
--------------------------------------------------------------------------------
Env.  Env. Placements            X1           Y1          X2           Y2

  1        1                 -5.919       -5.900       3.495        1.830

Shape               Environments Status & Error Marker 

          1           X1         Y1         X2         Y2

   1      X       -5.919      1.290     -5.600      1.300
   2      X       -5.891      0.700     -5.600      0.770
   3      X       -4.480      1.790     -4.168      1.830
   4      X       -3.860      1.570     -3.560      1.630
   5      X       -3.172     -1.360     -3.168     -1.040
   6      X       -3.000     -2.840     -2.970     -2.525
   7      X       -2.810     -2.119     -2.800     -1.761
   8      X       -2.630     -1.358     -2.610     -1.040
   9      X       -2.580      1.090     -2.268      1.130
  10      X       -1.975      0.900     -1.660      0.930
  11      X        1.865     -5.900      2.215     -5.870
  12      X        3.145     -5.900      3.495     -5.870

================================================================================
Rule No. 140 : 4A.22M: Maximum P+ DIFF to nearest N+ pick-up spacing is 20um

Real Error Count : 4; Flat Error Count : 4
================================================================================

--------------------------------------------------------------------------------
Cell Name : two_stage_miller layout dac3b

                   Cell Errors    Real Errors   Cell Placements     Environments
                             4              4                 1                1
--------------------------------------------------------------------------------
Env.  Env. Placements            X1           Y1          X2           Y2

  1        1                 -6.140        1.680      11.260        6.500

Shape               Environments Status & Error Marker 

          1           X1         Y1         X2         Y2

   1      X       -6.140      4.360     -5.240      6.380
   2      X       -3.740      4.280     -0.790      6.500
   3      X        0.860      4.280      3.780      6.500
   4      X        5.860      1.680     11.260      6.460

================================================================================
Rule No. 182 : 4A.24A: Exact CONT size is 0.16um

Real Error Count : 24; Flat Error Count : 24
================================================================================

--------------------------------------------------------------------------------
Cell Name : two_stage_miller layout dac3b

                   Cell Errors    Real Errors   Cell Placements     Environments
                            24             24                 1                1
--------------------------------------------------------------------------------
Env.  Env. Placements            X1           Y1          X2           Y2

  1        1                 -6.580       -6.280       9.950        6.370

Shape               Environments Status & Error Marker 

          1           X1         Y1         X2         Y2

   1      X       -6.580      0.410     -6.420      0.580
   2      X       -6.080      4.420     -5.820      4.740
   3      X       -5.880      0.320     -5.660      0.570
   4      X       -5.820      1.490     -5.620      1.680
   5      X       -4.450      1.990     -4.260      2.150
   6      X       -3.780      1.250     -3.620      1.430
   7      X       -3.380     -2.780     -3.170     -2.620
   8      X       -2.610     -2.080     -2.420     -1.860
   9      X       -2.550      1.290     -2.360      1.450
  10      X       -1.920      4.410     -1.750      4.570
  11      X       -1.880      0.520     -1.720      0.730
  12      X       -1.040      6.210     -0.850      6.370
  13      X        1.320     -4.790      1.480     -4.620
  14      X        1.920     -6.280      2.120     -6.070
  15      X        2.160      2.150      2.350      2.320
  16      X        2.600     -4.790      2.780     -4.620
  17      X        2.680      4.410      2.850      4.570
  18      X        3.220     -6.280      3.400     -6.070
  19      X        3.550      6.210      3.720      6.370
  20      X        3.600     -3.250      3.850     -3.080
  21      X        3.880     -4.790      4.080     -4.620
  22      X        6.550      6.150      6.720      6.310
  23      X        8.480      1.830      8.650      1.990
  24      X        9.760      1.750      9.950      1.990

================================================================================
Rule No. 183 : 4A.24B: Minimum space between two CONT regions is 0.20um

Real Error Count : 4; Flat Error Count : 4
================================================================================

--------------------------------------------------------------------------------
Cell Name : two_stage_miller layout dac3b

                   Cell Errors    Real Errors   Cell Placements     Environments
                             4              4                 1                1
--------------------------------------------------------------------------------
Env.  Env. Placements            X1           Y1          X2           Y2

  1        1                 -6.580       -3.250       6.247        6.453

Shape               Environments Status & Error Marker 

          1           X1         Y1         X2         Y2

   1      X       -6.580      0.580     -6.420      0.770
   2      X        2.350      2.150      2.520      2.320
   3      X        3.850     -3.250      3.960     -3.080
   4      X        6.053      6.277      6.247      6.453

================================================================================
Rule No. 184 : 4A.24C.a:Minimum DIFF CONT to poly1 gate spacing is 0.12um.

Real Error Count : 13; Flat Error Count : 13
================================================================================

--------------------------------------------------------------------------------
Cell Name : two_stage_miller layout dac3b

                   Cell Errors    Real Errors   Cell Placements     Environments
                            13             13                 1                1
--------------------------------------------------------------------------------
Env.  Env. Placements            X1           Y1          X2           Y2

  1        1                 -5.940       -6.369      10.040        6.399

Shape               Environments Status & Error Marker 

          1           X1         Y1         X2         Y2

   1      X       -5.940      0.280     -5.820      0.584
   2      X       -2.684     -2.140     -2.380     -2.020
   3      X       -1.760      4.402     -1.640      4.598
   4      X        1.840     -6.369      1.960     -6.031
   5      X        2.202      2.040      2.398      2.160
   6      X        2.760     -4.846      2.880     -4.554
   7      X        2.840      4.402      2.960      4.598
   8      X        3.120     -6.346      3.240     -6.054
   9      X        3.440      6.202      3.560      6.398
  10      X        6.051      6.271      6.189      6.399
  11      X        6.440      6.102      6.560      6.298
  12      X        8.640      1.802      8.760      1.998
  13      X        9.920      1.680     10.040      1.929

================================================================================
Rule No. 186 : 4A.24D:Minimum poly1 contact to diffusion spacing is 0.16um

Real Error Count : 2; Flat Error Count : 2
================================================================================

--------------------------------------------------------------------------------
Cell Name : two_stage_miller layout dac3b

                   Cell Errors    Real Errors   Cell Placements     Environments
                             2              2                 1                1
--------------------------------------------------------------------------------
Env.  Env. Placements            X1           Y1          X2           Y2

  1        1                 -2.540        4.120      -2.060        4.280

Shape               Environments Status & Error Marker 

          1           X1         Y1         X2         Y2

   1      X       -2.540      4.120     -2.380      4.280
   2      X       -2.220      4.120     -2.060      4.280

================================================================================
Rule No. 188 : 4A.24FG: Minimum extension of a diffusion region beyond a CONT region is 0.06um

Real Error Count : 4; Flat Error Count : 4
================================================================================

--------------------------------------------------------------------------------
Cell Name : two_stage_miller layout dac3b

                   Cell Errors    Real Errors   Cell Placements     Environments
                             4              4                 1                1
--------------------------------------------------------------------------------
Env.  Env. Placements            X1           Y1          X2           Y2

  1        1                  1.320        6.420       6.440        6.580

Shape               Environments Status & Error Marker 

          1           X1         Y1         X2         Y2

   1      X        1.320      6.500      1.480      6.580
   2      X        6.160      6.420      6.220      6.460
   3      X        6.220      6.460      6.380      6.580
   4      X        6.380      6.420      6.440      6.460

================================================================================
Rule No. 189 : 4A.24I: Poly contact on diffusion is not allowed.

Real Error Count : 7; Flat Error Count : 7
================================================================================

--------------------------------------------------------------------------------
Cell Name : two_stage_miller layout dac3b

                   Cell Errors    Real Errors   Cell Placements     Environments
                             7              7                 1                1
--------------------------------------------------------------------------------
Env.  Env. Placements            X1           Y1          X2           Y2

  1        1                 -7.980       -1.680       6.380        6.580

Shape               Environments Status & Error Marker 

          1           X1         Y1         X2         Y2

   1      X       -7.980      6.420     -7.820      6.580
   2      X       -7.880     -0.580     -7.720     -0.420
   3      X       -7.880      2.620     -7.720      2.780
   4      X       -6.280      2.120     -6.120      2.280
   5      X       -4.080     -1.680     -3.920     -1.520
   6      X        1.320      6.420      1.480      6.500
   7      X        6.220      6.420      6.380      6.460

================================================================================
Rule No. 572 : 4B.1A: Minimum width of ME1 region is 0.16um

Real Error Count : 1; Flat Error Count : 1
================================================================================

--------------------------------------------------------------------------------
Cell Name : two_stage_miller layout dac3b

                   Cell Errors    Real Errors   Cell Placements     Environments
                             1              1                 1                1
--------------------------------------------------------------------------------
Env.  Env. Placements            X1           Y1          X2           Y2

  1        1                 -6.215        2.185      -5.945        2.455

Shape               Environments Status & Error Marker 

          1           X1         Y1         X2         Y2

   1      X       -6.215      2.185     -5.945      2.455

================================================================================
Rule No. 574 : 4B.1C: Minimum space between ME1 regions is 0.16um

Real Error Count : 7; Flat Error Count : 7
================================================================================

--------------------------------------------------------------------------------
Cell Name : two_stage_miller layout dac3b

                   Cell Errors    Real Errors   Cell Placements     Environments
                             7              7                 1                1
--------------------------------------------------------------------------------
Env.  Env. Placements            X1           Y1          X2           Y2

  1        1                 -3.100       -6.526       6.500        6.700

Shape               Environments Status & Error Marker 

          1           X1         Y1         X2         Y2

   1      X       -3.100     -1.040     -3.000     -0.875
   2      X       -2.580      4.203     -2.440      4.417
   3      X        1.112      6.640      1.300      6.700
   4      X        1.140      6.254      1.260      6.606
   5      X        3.700     -6.526      3.820     -5.894
   6      X        6.140      6.201      6.160      6.619
   7      X        6.338      6.208      6.500      6.608

================================================================================
Rule No. 575 : 4B.1C.a: Minimum space between ME1 regions is 0.26 where one ME1 width > 1.76um

Real Error Count : 1; Flat Error Count : 1
================================================================================

--------------------------------------------------------------------------------
Cell Name : two_stage_miller layout dac3b

                   Cell Errors    Real Errors   Cell Placements     Environments
                             1              1                 1                1
--------------------------------------------------------------------------------
Env.  Env. Placements            X1           Y1          X2           Y2

  1        1                 -0.939        2.380       2.100        2.600

Shape               Environments Status & Error Marker 

          1           X1         Y1         X2         Y2

   1      X       -0.939      2.380      2.100      2.600

================================================================================
Rule No. 579 : 4B.1E: Minimum area of ME1 region 0.1024 sq.um

Real Error Count : 3; Flat Error Count : 3
================================================================================

--------------------------------------------------------------------------------
Cell Name : two_stage_miller layout dac3b

                   Cell Errors    Real Errors   Cell Placements     Environments
                             3              3                 1                1
--------------------------------------------------------------------------------
Env.  Env. Placements            X1           Y1          X2           Y2

  1        1                 -8.040       -0.640      -7.660        6.640

Shape               Environments Status & Error Marker 

          1           X1         Y1         X2         Y2

   1      X       -8.040      6.360     -7.760      6.640
   2      X       -7.940     -0.640     -7.660     -0.360
   3      X       -7.940      2.560     -7.660      2.840

